[2025-04-05 22:10:18] Приложение запущено.
[2025-04-05 22:10:18] Запуск планировщика задач...
[2025-04-05 22:10:18] Планировщик успешно запущен.
[2025-04-05 22:10:36] Приложение завершает работу...
[2025-04-05 22:10:36] Остановка планировщика задач...
[2025-04-05 22:10:36] Планировщик успешно остановлен.
[2025-04-05 22:14:13] Приложение запущено в 05.04.2025 22:14:13
[2025-04-05 22:14:13] Конфигурация планировщика: Ежедневно в 22:15:00, еженедельно в Monday в 22:15
[2025-04-05 22:14:13] Запуск планировщика задач...
[2025-04-05 22:14:13] Планировщик запущен. Следующее обновление курсов: 05.04.2025 22:15:00
[2025-04-05 22:15:00] Начало ежедневного обновления курсов...
[2025-04-05 22:15:00] Курсы валют успешно обновлены.
[2025-04-05 22:16:43] Приложение завершает работу...
[2025-04-05 22:16:43] Остановка планировщика задач...
[2025-04-05 22:16:43] Планировщик успешно остановлен.
[2025-04-06 20:59:25] Приложение запущено.
[2025-04-06 20:59:25] Запуск планировщика задач...
[2025-04-06 20:59:25] Планировщик успешно запущен.
[2025-04-06 21:00:37] Приложение завершает работу...
[2025-04-06 21:00:37] Остановка планировщика задач...
[2025-04-06 21:00:37] Планировщик успешно остановлен.
[2025-04-06 21:08:14] Приложение запущено.
[2025-04-06 21:08:14] Начало обновления курсов валют...
[2025-04-06 21:08:14] Запрос к ЦБ РФ #1
[2025-04-06 21:08:16] Курсы валют успешно обновлены.
[2025-04-06 21:08:16] Начало обновления информации о валютах...
[2025-04-06 21:08:16] Запросов к REST Countries: 1
[2025-04-06 21:08:16] Начало обновления информации о валютах...
[2025-04-06 21:08:18] Критическая ошибка в UpdateCurrenciesInfo: Исключение во время запроса WebClient.
[2025-04-06 21:08:18] Информация о валютах успешно обновлена.
[2025-04-06 21:09:08] Приложение завершает работу...
[2025-04-06 21:09:08] Остановка планировщика задач...
[2025-04-06 21:09:08] Планировщик успешно остановлен.
[2025-04-06 21:10:42] Приложение запущено.
[2025-04-06 21:10:42] Начало обновления курсов валют...
[2025-04-06 21:10:42] Запрос к ЦБ РФ #1
[2025-04-06 21:10:44] Курсы валют успешно обновлены.
[2025-04-06 21:10:44] Начало обновления информации о валютах...
[2025-04-06 21:10:44] Запрос к REST Countries #1
[2025-04-06 21:10:44] Начало обновления информации о валютах...
[2025-04-06 21:10:46] Ошибка при запросе к REST Countries: Исключение во время запроса WebClient.
[2025-04-06 21:11:38] Приложение завершает работу...
[2025-04-06 21:11:38] Остановка планировщика задач...
[2025-04-06 21:11:38] Планировщик успешно остановлен.
[2025-04-06 21:12:51] Приложение запущено.
[2025-04-06 21:12:51] Начало обновления курсов валют...
[2025-04-06 21:12:51] Запрос к ЦБ РФ #1
[2025-04-06 21:12:53] Курсы валют успешно обновлены.
[2025-04-06 21:12:53] Начало обновления информации о валютах...
[2025-04-06 21:12:53] Запрос к REST Countries #1
[2025-04-06 21:12:53] Начало обновления информации о валютах...
[2025-04-06 21:12:58] Попытка 1/3 не удалась: Произошла ошибка при копировании содержимого в поток.
[2025-04-06 21:13:01] Приложение завершает работу...
[2025-04-06 21:13:01] Остановка планировщика задач...
[2025-04-06 21:13:01] Планировщик успешно остановлен.
[2025-04-06 21:13:12] Приложение запущено.
[2025-04-06 21:13:12] Начало обновления курсов валют...
[2025-04-06 21:13:12] Запрос к ЦБ РФ #1
[2025-04-06 21:13:14] Курсы валют успешно обновлены.
[2025-04-06 21:13:14] Начало обновления информации о валютах...
[2025-04-06 21:13:14] Запрос к REST Countries #1
[2025-04-06 21:13:14] Начало обновления информации о валютах...
[2025-04-06 21:13:19] Попытка 1/3 не удалась: Произошла ошибка при копировании содержимого в поток.
[2025-04-06 21:13:25] Попытка 2/3 не удалась: Произошла ошибка при копировании содержимого в поток.
[2025-04-06 21:13:30] Попытка 3/3 не удалась: Произошла ошибка при копировании содержимого в поток.
[2025-04-06 21:13:30] Не удалось получить данные о валютах
[2025-04-06 21:13:47] Приложение завершает работу...
[2025-04-06 21:13:47] Остановка планировщика задач...
[2025-04-06 21:13:47] Планировщик успешно остановлен.
[2025-04-06 21:27:55] Приложение запущено.
[2025-04-06 21:27:55] Обновление курсов...
[2025-04-06 21:27:55] Запрос к ЦБ РФ #1
[2025-04-06 21:27:57] Обновление валют...
[2025-04-06 21:27:57] Запрос к REST Countries #1
[2025-04-06 21:27:58] Ошибка при запросе к https://restcountries.com/v3.1/all: Произошла ошибка при копировании содержимого в поток.
[2025-04-06 21:27:59] Ошибка обновления: Deserialized JSON type 'Newtonsoft.Json.Linq.JObject' is not compatible with expected type 'Newtonsoft.Json.Linq.JArray'. Path '', line 1, position 2190.
[2025-04-06 21:28:21] Приложение завершено
[2025-04-06 21:30:34] Приложение запущено.
[2025-04-06 21:30:34] Обновление курсов...
[2025-04-06 21:30:34] Запрос к ЦБ РФ #1
[2025-04-06 21:30:36] Обновление валют...
[2025-04-06 21:30:36] Запрос к REST Countries #1
[2025-04-06 21:30:39] Ошибка при запросе к https://restcountries.com/v3.1/all: Произошла ошибка при копировании содержимого в поток.
[2025-04-06 21:30:42] Ошибка при запросе к https://restcountries.com/v2/all: Произошла ошибка при копировании содержимого в поток.
[2025-04-06 21:30:42] Не удалось получить данные о валютах
[2025-04-06 21:30:42] Ошибка обновления: Все источники данных недоступны
[2025-04-06 21:30:49] Приложение завершено
[2025-04-06 21:32:50] Приложение запущено.
[2025-04-06 21:32:50] Обновление курсов...
[2025-04-06 21:32:50] Запрос к ЦБ РФ #1
[2025-04-06 21:32:52] Обновление валют...
[2025-04-06 21:32:52] Запрос к REST Countries #1
[2025-04-06 21:32:52] Начало обновления информации о валютах...
[2025-04-06 21:32:52] Попытка 1 для https://restcountries.com/v3.1/all
[2025-04-06 21:32:53] Ошибка при запросе к https://restcountries.com/v3.1/all: Произошла ошибка при копировании содержимого в поток.
[2025-04-06 21:32:54] Попытка 2 для https://restcountries.com/v3.1/all
[2025-04-06 21:32:56] Ошибка при запросе к https://restcountries.com/v3.1/all: Произошла ошибка при копировании содержимого в поток.
[2025-04-06 21:32:56] Попытка 1 для https://restcountries.com/v2/all
[2025-04-06 21:32:57] Ошибка при запросе к https://restcountries.com/v2/all: Произошла ошибка при копировании содержимого в поток.
[2025-04-06 21:32:58] Попытка 2 для https://restcountries.com/v2/all
[2025-04-06 21:32:59] Ошибка при запросе к https://restcountries.com/v2/all: Произошла ошибка при копировании содержимого в поток.
[2025-04-06 21:32:59] Попытка 1 для https://api.exchangerate-api.com/v4/latest/USD
[2025-04-06 21:33:00] Успешный ответ от https://api.exchangerate-api.com/v4/latest/USD
[2025-04-06 21:33:00] Обновление информации о валютах завершено
[2025-04-06 21:34:04] Приложение завершено
[2025-04-06 21:42:00] Приложение запущено.
[2025-04-06 21:42:00] Обновление курсов...
[2025-04-06 21:42:00] Запрос к ЦБ РФ #1
[2025-04-06 21:42:02] Обновление валют...
[2025-04-06 21:42:02] Запрос к REST Countries #1
[2025-04-06 21:42:02] Начало обновления информации о валютах...
[2025-04-06 21:42:02] Обновление информации о валютах завершено
[2025-04-06 21:43:33] Приложение завершено
[2025-04-06 22:14:34] Приложение запущено.
[2025-04-06 22:14:34] Обновление курсов...
[2025-04-06 22:14:34] Запрос к ЦБ РФ #1
[2025-04-06 22:14:35] Обновление валют...
[2025-04-06 22:14:35] Запрос к REST Countries #1
[2025-04-06 22:14:35] Начало обновления информации о валютах...
[2025-04-06 22:14:35] Обновление информации о валютах завершено
[2025-04-06 22:15:35] Приложение завершено
[2025-04-06 22:18:14] Приложение запущено.
[2025-04-06 22:18:14] Обновление курсов...
[2025-04-06 22:18:14] Запрос к ЦБ РФ #1
[2025-04-06 22:18:16] Обновление валют...
[2025-04-06 22:18:16] Запрос к REST Countries #1
[2025-04-06 22:18:16] Начало обновления информации о валютах...
[2025-04-06 22:18:16] Обновление информации о валютах завершено
[2025-04-06 22:19:12] Приложение завершено
[2025-04-06 22:23:07] Приложение запущено.
[2025-04-06 22:23:07] Обновление курсов...
[2025-04-06 22:23:07] Запрос к ЦБ РФ #1
[2025-04-06 22:23:08] Обновление валют...
[2025-04-06 22:23:08] Запрос к REST Countries #1
[2025-04-06 22:23:08] Начало обновления информации о валютах...
[2025-04-06 22:23:08] Обновление информации о валютах завершено
[2025-04-06 22:23:40] Приложение завершено
[2025-04-06 22:27:10] Приложение запущено.
[2025-04-06 22:27:10] Запуск планировщика задач...
[2025-04-06 22:27:10] Планировщик успешно запущен.
[2025-04-06 22:27:10] Обновление курсов...
[2025-04-06 22:27:10] Запрос к ЦБ РФ #1
[2025-04-06 22:27:11] Обновление валют...
[2025-04-06 22:27:11] Запрос к REST Countries #1
[2025-04-06 22:27:11] Начало обновления информации о валютах...
[2025-04-06 22:27:12] Обновление информации о валютах завершено
[2025-04-06 22:38:59] Остановка планировщика задач...
[2025-04-06 22:38:59] Планировщик успешно остановлен.
[2025-04-06 22:38:59] Приложение завершено
[2025-04-07 11:24:05] Приложение запущено.
[2025-04-07 11:24:05] Запуск планировщика задач...
[2025-04-07 11:24:05] Планировщик успешно запущен.
[2025-04-07 11:24:05] Обновление курсов...
[2025-04-07 11:24:05] Запрос к ЦБ РФ #1
[2025-04-07 11:24:17] Ошибка при обновлении курсов: Произошла ошибка базового поставщика в Open.
[2025-04-07 11:24:17] Ошибка обновления: Произошла ошибка базового поставщика в Open.
[2025-04-07 11:26:15] Приложение запущено.
[2025-04-07 11:26:15] Запуск планировщика задач...
[2025-04-07 11:26:15] Планировщик успешно запущен.
[2025-04-07 11:26:15] Обновление курсов...
[2025-04-07 11:26:15] Запрос к ЦБ РФ #1
[2025-04-07 11:26:27] Ошибка при обновлении курсов: Произошла ошибка базового поставщика в Open.
[2025-04-07 11:26:27] Ошибка обновления: Произошла ошибка базового поставщика в Open.
[2025-04-07 11:34:21] Приложение запущено.
[2025-04-07 11:34:21] Запуск планировщика задач...
[2025-04-07 11:34:21] Планировщик успешно запущен.
[2025-04-07 11:34:21] Обновление курсов...
[2025-04-07 11:34:21] Запрос к ЦБ РФ #1
[2025-04-07 11:34:32] Ошибка при обновлении курсов: Произошла ошибка базового поставщика в Open.
[2025-04-07 11:34:32] Ошибка обновления: Произошла ошибка базового поставщика в Open.
[2025-04-07 11:34:58] Приложение запущено.
[2025-04-07 11:34:58] Запуск планировщика задач...
[2025-04-07 11:34:58] Планировщик успешно запущен.
[2025-04-07 11:34:58] Обновление курсов...
[2025-04-07 11:34:58] Запрос к ЦБ РФ #1
[2025-04-07 11:35:09] Ошибка при обновлении курсов: Произошла ошибка базового поставщика в Open.
[2025-04-07 11:35:09] Ошибка обновления: Произошла ошибка базового поставщика в Open.
[2025-04-07 11:39:40] Приложение запущено.
[2025-04-07 11:39:40] Запуск планировщика задач...
[2025-04-07 11:39:40] Планировщик успешно запущен.
[2025-04-07 11:39:40] Обновление курсов...
[2025-04-07 11:39:40] Запрос к ЦБ РФ #1
[2025-04-07 11:39:51] Ошибка при обновлении курсов: Произошла ошибка базового поставщика в Open.
[2025-04-07 11:39:51] Ошибка обновления: Произошла ошибка базового поставщика в Open.
[2025-04-07 11:44:35] Приложение запущено.
[2025-04-07 11:44:35] Запуск планировщика задач...
[2025-04-07 11:44:35] Планировщик успешно запущен.
[2025-04-07 11:44:35] Обновление курсов...
[2025-04-07 11:44:35] Запрос к ЦБ РФ #1
[2025-04-07 11:44:47] Ошибка при обновлении курсов: Произошла ошибка базового поставщика в Open.
[2025-04-07 11:44:47] Ошибка обновления: Произошла ошибка базового поставщика в Open.
[2025-04-07 11:49:32] Приложение запущено.
[2025-04-07 11:49:32] Запуск планировщика задач...
[2025-04-07 11:49:32] Планировщик успешно запущен.
[2025-04-07 11:49:32] Обновление курсов...
[2025-04-07 11:49:32] Запрос к ЦБ РФ #1
[2025-04-07 11:49:44] Ошибка при обновлении курсов: Произошла ошибка базового поставщика в Open.
[2025-04-07 11:49:44] Ошибка обновления: Произошла ошибка базового поставщика в Open.
[2025-04-07 12:03:00] Приложение запущено.
[2025-04-07 12:03:00] Запуск планировщика задач...
[2025-04-07 12:03:00] Планировщик успешно запущен.
[2025-04-07 12:03:00] Обновление курсов...
[2025-04-07 12:03:00] Запрос к ЦБ РФ #1
[2025-04-07 12:03:01] Ошибка при обновлении курсов: Невозможно разрешить удаленное имя: 'www.cbr.ru'
[2025-04-07 12:03:01] Ошибка обновления: Невозможно разрешить удаленное имя: 'www.cbr.ru'
[2025-04-07 12:06:02] Приложение запущено.
[2025-04-07 12:06:02] Запуск планировщика задач...
[2025-04-07 12:06:02] Планировщик успешно запущен.
[2025-04-07 12:07:07] Остановка планировщика задач...
[2025-04-07 12:07:07] Планировщик успешно остановлен.
[2025-04-07 12:07:07] Приложение завершено
[2025-04-07 12:32:23] Приложение запущено.
[2025-04-07 12:32:23] Запуск планировщика задач...
[2025-04-07 12:32:23] Планировщик успешно запущен.
[2025-04-07 12:44:55] Приложение запущено.
[2025-04-07 12:44:55] Запуск планировщика задач...
[2025-04-07 12:44:55] Планировщик успешно запущен.
[2025-04-07 12:44:58] Остановка планировщика задач...
[2025-04-07 12:44:58] Планировщик успешно остановлен.
[2025-04-07 12:44:58] Приложение завершено
[2025-04-07 12:45:00] Приложение запущено.
[2025-04-07 12:45:00] Запуск планировщика задач...
[2025-04-07 12:45:00] Планировщик успешно запущен.
[2025-04-07 12:45:47] Приложение запущено.
[2025-04-07 12:45:47] Запуск планировщика задач...
[2025-04-07 12:45:47] Планировщик успешно запущен.
[2025-04-07 12:53:56] Приложение запущено.
[2025-04-07 12:53:56] Запуск планировщика задач...
[2025-04-07 12:53:56] Планировщик успешно запущен.
[2025-04-07 13:05:53] Приложение запущено.
[2025-04-07 13:05:53] Запуск планировщика задач...
[2025-04-07 13:05:53] Планировщик успешно запущен.
[2025-04-07 13:15:53] Приложение запущено.
[2025-04-07 13:15:53] Запуск планировщика задач...
[2025-04-07 13:15:53] Планировщик успешно запущен.
[2025-04-07 13:17:11] Приложение запущено.
[2025-04-07 13:17:11] Запуск планировщика задач...
[2025-04-07 13:17:11] Планировщик успешно запущен.
[2025-04-07 13:25:08] Приложение запущено.
[2025-04-07 13:25:08] Запуск планировщика задач...
[2025-04-07 13:25:08] Планировщик успешно запущен.
[2025-04-07 13:55:58] Приложение запущено.
[2025-04-07 13:55:58] Запуск планировщика задач...
[2025-04-07 13:55:58] Планировщик успешно запущен.
[2025-04-07 13:59:59] Приложение запущено.
[2025-04-07 13:59:59] Запуск планировщика задач...
[2025-04-07 13:59:59] Планировщик успешно запущен.
[2025-04-07 14:01:44] Приложение запущено.
[2025-04-07 14:01:44] Запуск планировщика задач...
[2025-04-07 14:01:44] Планировщик успешно запущен.
[2025-04-07 14:04:20] Приложение запущено.
[2025-04-07 14:04:20] Запуск планировщика задач...
[2025-04-07 14:04:20] Планировщик успешно запущен.
[2025-04-07 14:05:04] Остановка планировщика задач...
[2025-04-07 14:05:04] Планировщик успешно остановлен.
[2025-04-07 14:05:04] Приложение завершено
[2025-04-07 14:09:04] Приложение запущено.
[2025-04-07 14:09:04] Запуск планировщика задач...
[2025-04-07 14:09:04] Планировщик успешно запущен.
[2025-04-07 14:09:23] Остановка планировщика задач...
[2025-04-07 14:09:23] Планировщик успешно остановлен.
[2025-04-07 14:09:23] Приложение завершено
[2025-04-07 14:14:01] Приложение запущено.
[2025-04-07 14:14:01] Запуск планировщика задач...
[2025-04-07 14:14:01] Планировщик успешно запущен.
[2025-04-07 14:16:13] Остановка планировщика задач...
[2025-04-07 14:16:13] Планировщик успешно остановлен.
[2025-04-07 14:16:13] Приложение завершено
[2025-04-07 14:16:17] Приложение запущено.
[2025-04-07 14:16:17] Запуск планировщика задач...
[2025-04-07 14:16:17] Планировщик успешно запущен.
[2025-04-07 14:16:32] Остановка планировщика задач...
[2025-04-07 14:16:32] Планировщик успешно остановлен.
[2025-04-07 14:16:32] Приложение завершено
[2025-04-07 14:21:08] Приложение запущено.
[2025-04-07 14:21:08] Запуск планировщика задач...
[2025-04-07 14:21:08] Планировщик успешно запущен.
[2025-04-07 14:22:07] Остановка планировщика задач...
[2025-04-07 14:22:07] Планировщик успешно остановлен.
[2025-04-07 14:22:07] Приложение завершено
[2025-04-07 14:25:29] Приложение запущено.
[2025-04-07 14:25:29] Запуск планировщика задач...
[2025-04-07 14:25:29] Планировщик успешно запущен.
[2025-04-07 14:26:47] Остановка планировщика задач...
[2025-04-07 14:26:47] Планировщик успешно остановлен.
[2025-04-07 14:26:47] Приложение завершено
[2025-04-07 15:25:42] Приложение запущено.
[2025-04-07 15:25:42] Запуск планировщика задач...
[2025-04-07 15:25:42] Планировщик успешно запущен.
[2025-04-07 15:26:30] Остановка планировщика задач...
[2025-04-07 15:26:30] Планировщик успешно остановлен.
[2025-04-07 15:26:30] Приложение завершено
[2025-04-07 20:52:26] Приложение запущено.
[2025-04-07 20:52:26] Запуск планировщика задач...
[2025-04-07 20:52:26] Планировщик успешно запущен.
[2025-04-07 20:53:26] Приложение запущено.
[2025-04-07 20:53:26] Запуск планировщика задач...
[2025-04-07 20:53:26] Планировщик успешно запущен.
[2025-04-07 21:06:32] Приложение запущено.
[2025-04-07 21:06:32] Запуск планировщика задач...
[2025-04-07 21:06:32] Планировщик успешно запущен.
[2025-04-07 21:15:20] Приложение запущено.
[2025-04-07 21:15:20] Запуск планировщика задач...
[2025-04-07 21:15:20] Планировщик успешно запущен.
[2025-04-07 21:16:00] Остановка планировщика задач...
[2025-04-07 21:16:00] Планировщик успешно остановлен.
[2025-04-07 21:16:00] Приложение завершено
[2025-04-07 21:17:04] Приложение запущено.
[2025-04-07 21:17:04] Запуск планировщика задач...
[2025-04-07 21:17:04] Планировщик успешно запущен.
[2025-04-07 22:08:36] Приложение запущено.
[2025-04-07 22:08:36] Запуск планировщика задач...
[2025-04-07 22:08:36] Планировщик успешно запущен.
[2025-04-07 22:09:33] Остановка планировщика задач...
[2025-04-07 22:09:33] Планировщик успешно остановлен.
[2025-04-07 22:09:33] Приложение завершено
[2025-04-08 10:51:32] Приложение запущено.
[2025-04-08 10:51:32] Запуск планировщика задач...
[2025-04-08 10:51:32] Планировщик успешно запущен.
[2025-04-08 10:51:56] Остановка планировщика задач...
[2025-04-08 10:51:56] Планировщик успешно остановлен.
[2025-04-08 10:51:56] Приложение завершено
[2025-04-08 11:03:51] Приложение запущено.
[2025-04-08 11:03:51] Запуск планировщика задач...
[2025-04-08 11:03:51] Планировщик успешно запущен.
[2025-04-08 11:21:59] Остановка планировщика задач...
[2025-04-08 11:21:59] Планировщик успешно остановлен.
[2025-04-08 11:21:59] Приложение завершено
[2025-04-08 11:25:20] Приложение запущено.
[2025-04-08 11:25:20] Запрос к ЦБ РФ #1
[2025-04-08 11:25:22] Запуск планировщика задач...
[2025-04-08 11:25:22] Планировщик успешно запущен.
[2025-04-08 11:27:03] Остановка планировщика задач...
[2025-04-08 11:27:03] Планировщик успешно остановлен.
[2025-04-08 11:27:03] Приложение завершено
[2025-04-08 11:58:42] Приложение запущено.
[2025-04-08 11:58:42] Запуск планировщика задач...
[2025-04-08 11:58:42] Планировщик успешно запущен.
[2025-04-08 12:30:47] Остановка планировщика задач...
[2025-04-08 12:30:47] Планировщик успешно остановлен.
[2025-04-08 12:30:47] Приложение завершено
[2025-04-08 12:50:19] Приложение запущено.
[2025-04-08 12:50:19] Запуск планировщика задач...
[2025-04-08 12:50:19] Планировщик успешно запущен.
[2025-04-08 13:31:38] Остановка планировщика задач...
[2025-04-08 13:31:38] Планировщик успешно остановлен.
[2025-04-08 13:31:38] Приложение завершено
[2025-04-08 13:32:40] Приложение запущено.
[2025-04-08 13:32:40] Запуск планировщика задач...
[2025-04-08 13:32:40] Планировщик успешно запущен.
[2025-04-08 13:33:05] Остановка планировщика задач...
[2025-04-08 13:33:05] Планировщик успешно остановлен.
[2025-04-08 13:33:05] Приложение завершено
[2025-04-08 13:35:26] Приложение запущено.
[2025-04-08 13:35:26] Запуск планировщика задач...
[2025-04-08 13:35:26] Планировщик успешно запущен.
[2025-04-08 14:15:36] Остановка планировщика задач...
[2025-04-08 14:15:36] Планировщик успешно остановлен.
[2025-04-08 14:15:36] Приложение завершено
[2025-04-10 14:36:47] Приложение запущено.
[2025-04-10 14:36:47] Запуск планировщика задач...
[2025-04-10 14:36:47] Планировщик успешно запущен.
[2025-04-10 14:38:05] Остановка планировщика задач...
[2025-04-10 14:38:05] Планировщик успешно остановлен.
[2025-04-10 14:38:05] Приложение завершено
[2025-04-10 14:45:07] Приложение запущено.
[2025-04-10 14:45:07] Запуск планировщика задач...
[2025-04-10 14:45:07] Планировщик успешно запущен.
[2025-04-10 14:48:02] Остановка планировщика задач...
[2025-04-10 14:48:02] Планировщик успешно остановлен.
[2025-04-10 14:48:02] Приложение завершено
[2025-04-10 14:52:47] Приложение запущено.
[2025-04-10 14:52:47] Запуск планировщика задач...
[2025-04-10 14:52:47] Планировщик успешно запущен.
[2025-04-10 14:53:07] Остановка планировщика задач...
[2025-04-10 14:53:07] Планировщик успешно остановлен.
[2025-04-10 14:53:07] Приложение завершено
[2025-04-10 14:54:25] Приложение запущено.
[2025-04-10 14:54:25] Запуск планировщика задач...
[2025-04-10 14:54:25] Планировщик успешно запущен.
[2025-04-10 14:54:39] Остановка планировщика задач...
[2025-04-10 14:54:39] Планировщик успешно остановлен.
[2025-04-10 14:54:39] Приложение завершено
[2025-04-10 14:56:14] Приложение запущено.
[2025-04-10 14:56:14] Запуск планировщика задач...
[2025-04-10 14:56:14] Планировщик успешно запущен.
[2025-04-10 14:56:34] Остановка планировщика задач...
[2025-04-10 14:56:34] Планировщик успешно остановлен.
[2025-04-10 14:56:34] Приложение завершено
[2025-04-10 14:58:30] Приложение запущено.
[2025-04-10 14:58:30] Запуск планировщика задач...
[2025-04-10 14:58:30] Планировщик успешно запущен.
[2025-04-10 14:58:33] Остановка планировщика задач...
[2025-04-10 14:58:33] Планировщик успешно остановлен.
[2025-04-10 14:58:33] Приложение завершено
[2025-04-10 14:58:44] Приложение запущено.
[2025-04-10 14:58:44] Запуск планировщика задач...
[2025-04-10 14:58:44] Планировщик успешно запущен.
[2025-04-10 14:58:57] Остановка планировщика задач...
[2025-04-10 14:58:57] Планировщик успешно остановлен.
[2025-04-10 14:58:57] Приложение завершено
[2025-04-10 14:59:31] Приложение запущено.
[2025-04-10 14:59:31] Запуск планировщика задач...
[2025-04-10 14:59:31] Планировщик успешно запущен.
[2025-04-10 15:00:02] Остановка планировщика задач...
[2025-04-10 15:00:02] Планировщик успешно остановлен.
[2025-04-10 15:00:02] Приложение завершено
[2025-04-10 15:00:07] Приложение запущено.
[2025-04-10 15:00:07] Запуск планировщика задач...
[2025-04-10 15:00:07] Планировщик успешно запущен.
[2025-04-10 15:00:42] Остановка планировщика задач...
[2025-04-10 15:00:42] Планировщик успешно остановлен.
[2025-04-10 15:00:42] Приложение завершено
[2025-04-10 15:16:25] Приложение запущено.
[2025-04-10 15:16:25] Запуск планировщика задач...
[2025-04-10 15:16:25] Планировщик успешно запущен.
[2025-04-10 15:16:45] Остановка планировщика задач...
[2025-04-10 15:16:45] Планировщик успешно остановлен.
[2025-04-10 15:16:45] Приложение завершено
[2025-04-10 15:34:48] Приложение запущено.
[2025-04-10 15:34:48] Запуск планировщика задач...
[2025-04-10 15:34:48] Планировщик успешно запущен.
[2025-04-10 15:35:02] Остановка планировщика задач...
[2025-04-10 15:35:02] Планировщик успешно остановлен.
[2025-04-10 15:35:02] Приложение завершено
[2025-04-10 15:49:17] Приложение запущено.
[2025-04-10 15:49:17] Запуск планировщика задач...
[2025-04-10 15:49:17] Планировщик успешно запущен.
[2025-04-10 15:50:29] Остановка планировщика задач...
[2025-04-10 15:50:29] Планировщик успешно остановлен.
[2025-04-10 15:50:29] Приложение завершено
[2025-04-10 16:21:33] Приложение запущено.
[2025-04-10 16:21:33] Запуск планировщика задач...
[2025-04-10 16:21:33] Планировщик успешно запущен.
[2025-04-10 16:26:42] Приложение запущено.
[2025-04-10 16:26:42] Запуск планировщика задач...
[2025-04-10 16:26:42] Планировщик успешно запущен.
[2025-04-10 16:28:02] Остановка планировщика задач...
[2025-04-10 16:28:02] Планировщик успешно остановлен.
[2025-04-10 16:28:02] Приложение завершено
[2025-04-10 16:29:01] Приложение запущено.
[2025-04-10 16:29:01] Запуск планировщика задач...
[2025-04-10 16:29:01] Планировщик успешно запущен.
[2025-04-10 16:29:22] Остановка планировщика задач...
[2025-04-10 16:29:22] Планировщик успешно остановлен.
[2025-04-10 16:29:22] Приложение завершено
[2025-04-10 16:29:39] Приложение запущено.
[2025-04-10 16:29:39] Запуск планировщика задач...
[2025-04-10 16:29:39] Планировщик успешно запущен.
[2025-04-10 16:30:00] Остановка планировщика задач...
[2025-04-10 16:30:00] Планировщик успешно остановлен.
[2025-04-10 16:30:00] Приложение завершено
[2025-04-10 16:30:03] Приложение запущено.
[2025-04-10 16:30:03] Запуск планировщика задач...
[2025-04-10 16:30:03] Планировщик успешно запущен.
[2025-04-10 16:30:21] Остановка планировщика задач...
[2025-04-10 16:30:21] Планировщик успешно остановлен.
[2025-04-10 16:30:21] Приложение завершено
[2025-04-10 16:30:30] Приложение запущено.
[2025-04-10 16:30:30] Запуск планировщика задач...
[2025-04-10 16:30:30] Планировщик успешно запущен.
[2025-04-10 16:30:49] Остановка планировщика задач...
[2025-04-10 16:30:49] Планировщик успешно остановлен.
[2025-04-10 16:30:49] Приложение завершено
[2025-04-10 16:59:13] Приложение запущено.
[2025-04-10 16:59:13] Запуск планировщика задач...
[2025-04-10 16:59:13] Планировщик успешно запущен.
[2025-04-10 17:01:24] Остановка планировщика задач...
[2025-04-10 17:01:24] Планировщик успешно остановлен.
[2025-04-10 17:01:24] Приложение завершено
[2025-04-10 17:07:05] Приложение запущено.
[2025-04-10 17:07:05] Запуск планировщика задач...
[2025-04-10 17:07:05] Планировщик успешно запущен.
[2025-04-10 17:07:21] Остановка планировщика задач...
[2025-04-10 17:07:21] Планировщик успешно остановлен.
[2025-04-10 17:07:21] Приложение завершено
[2025-04-10 17:08:48] Приложение запущено.
[2025-04-10 17:08:48] Запуск планировщика задач...
[2025-04-10 17:08:48] Планировщик успешно запущен.
[2025-04-10 17:10:14] Остановка планировщика задач...
[2025-04-10 17:10:14] Планировщик успешно остановлен.
[2025-04-10 17:10:14] Приложение завершено
[2025-04-10 17:15:06] Приложение запущено.
[2025-04-10 17:15:06] Запуск планировщика задач...
[2025-04-10 17:15:06] Планировщик успешно запущен.
[2025-04-10 17:15:38] Остановка планировщика задач...
[2025-04-10 17:15:38] Планировщик успешно остановлен.
[2025-04-10 17:15:38] Приложение завершено
[2025-04-10 17:18:21] Приложение запущено.
[2025-04-10 17:18:21] Запуск планировщика задач...
[2025-04-10 17:18:21] Планировщик успешно запущен.
[2025-04-10 17:20:21] Остановка планировщика задач...
[2025-04-10 17:20:21] Планировщик успешно остановлен.
[2025-04-10 17:20:21] Приложение завершено
[2025-04-10 17:21:16] Приложение запущено.
[2025-04-10 17:21:16] Запуск планировщика задач...
[2025-04-10 17:21:16] Планировщик успешно запущен.
[2025-04-10 17:22:41] Остановка планировщика задач...
[2025-04-10 17:22:41] Планировщик успешно остановлен.
[2025-04-10 17:22:41] Приложение завершено
[2025-04-10 17:24:05] Приложение запущено.
[2025-04-10 17:24:05] Запуск планировщика задач...
[2025-04-10 17:24:05] Планировщик успешно запущен.
[2025-04-10 17:24:52] Остановка планировщика задач...
[2025-04-10 17:24:52] Планировщик успешно остановлен.
[2025-04-10 17:24:52] Приложение завершено
[2025-04-10 17:27:03] Приложение запущено.
[2025-04-10 17:27:03] Запуск планировщика задач...
[2025-04-10 17:27:03] Планировщик успешно запущен.
[2025-04-10 17:27:27] Остановка планировщика задач...
[2025-04-10 17:27:27] Планировщик успешно остановлен.
[2025-04-10 17:27:27] Приложение завершено
[2025-04-10 17:27:59] Приложение запущено.
[2025-04-10 17:27:59] Запуск планировщика задач...
[2025-04-10 17:27:59] Планировщик успешно запущен.
[2025-04-10 17:29:23] Остановка планировщика задач...
[2025-04-10 17:29:23] Планировщик успешно остановлен.
[2025-04-10 17:29:23] Приложение завершено
[2025-04-10 17:30:55] Приложение запущено.
[2025-04-10 17:30:55] Запуск планировщика задач...
[2025-04-10 17:30:55] Планировщик успешно запущен.
[2025-04-10 17:31:54] Остановка планировщика задач...
[2025-04-10 17:31:54] Планировщик успешно остановлен.
[2025-04-10 17:31:54] Приложение завершено
[2025-04-10 17:32:17] Приложение запущено.
[2025-04-10 17:32:17] Запуск планировщика задач...
[2025-04-10 17:32:17] Планировщик успешно запущен.
[2025-04-10 17:32:39] Остановка планировщика задач...
[2025-04-10 17:32:39] Планировщик успешно остановлен.
[2025-04-10 17:32:39] Приложение завершено
[2025-04-10 17:33:05] Приложение запущено.
[2025-04-10 17:33:05] Запуск планировщика задач...
[2025-04-10 17:33:05] Планировщик успешно запущен.
[2025-04-10 17:33:37] Остановка планировщика задач...
[2025-04-10 17:33:37] Планировщик успешно остановлен.
[2025-04-10 17:33:37] Приложение завершено
[2025-04-10 17:34:01] Приложение запущено.
[2025-04-10 17:34:01] Запуск планировщика задач...
[2025-04-10 17:34:01] Планировщик успешно запущен.
[2025-04-10 17:34:20] Приложение запущено.
[2025-04-10 17:34:20] Запуск планировщика задач...
[2025-04-10 17:34:20] Планировщик успешно запущен.
[2025-04-10 17:35:02] Остановка планировщика задач...
[2025-04-10 17:35:02] Планировщик успешно остановлен.
[2025-04-10 17:35:02] Приложение завершено
[2025-04-10 17:41:18] Приложение запущено.
[2025-04-10 17:41:18] Запуск планировщика задач...
[2025-04-10 17:41:18] Планировщик успешно запущен.
[2025-04-10 17:41:41] Остановка планировщика задач...
[2025-04-10 17:41:41] Планировщик успешно остановлен.
[2025-04-10 17:41:41] Приложение завершено
[2025-04-10 17:41:49] Приложение запущено.
[2025-04-10 17:41:49] Запуск планировщика задач...
[2025-04-10 17:41:49] Планировщик успешно запущен.
[2025-04-10 17:42:07] Остановка планировщика задач...
[2025-04-10 17:42:07] Планировщик успешно остановлен.
[2025-04-10 17:42:07] Приложение завершено
[2025-04-10 17:50:02] Приложение запущено.
[2025-04-10 17:50:02] Запуск планировщика задач...
[2025-04-10 17:50:02] Планировщик успешно запущен.
[2025-04-10 17:53:08] Остановка планировщика задач...
[2025-04-10 17:53:08] Планировщик успешно остановлен.
[2025-04-10 17:53:08] Приложение завершено
[2025-04-10 18:04:11] Приложение запущено.
[2025-04-10 18:04:11] Запуск планировщика задач...
[2025-04-10 18:04:11] Планировщик успешно запущен.
[2025-04-10 18:04:22] Остановка планировщика задач...
[2025-04-10 18:04:22] Планировщик успешно остановлен.
[2025-04-10 18:04:22] Приложение завершено
[2025-04-10 18:04:23] Приложение запущено.
[2025-04-10 18:04:23] Запуск планировщика задач...
[2025-04-10 18:04:23] Планировщик успешно запущен.
[2025-04-10 18:04:40] Остановка планировщика задач...
[2025-04-10 18:04:40] Планировщик успешно остановлен.
[2025-04-10 18:04:40] Приложение завершено
[2025-04-10 18:04:52] Приложение запущено.
[2025-04-10 18:04:52] Запуск планировщика задач...
[2025-04-10 18:04:52] Планировщик успешно запущен.
[2025-04-10 18:05:01] Остановка планировщика задач...
[2025-04-10 18:05:01] Планировщик успешно остановлен.
[2025-04-10 18:05:01] Приложение завершено
[2025-04-10 18:12:40] Приложение запущено.
[2025-04-10 18:12:40] Запуск планировщика задач...
[2025-04-10 18:12:40] Планировщик успешно запущен.
[2025-04-10 18:14:13] Остановка планировщика задач...
[2025-04-10 18:14:13] Планировщик успешно остановлен.
[2025-04-10 18:14:13] Приложение завершено
[2025-04-10 18:15:47] Приложение запущено.
[2025-04-10 18:15:47] Запуск планировщика задач...
[2025-04-10 18:15:47] Планировщик успешно запущен.
[2025-04-10 18:26:09] Остановка планировщика задач...
[2025-04-10 18:26:09] Планировщик успешно остановлен.
[2025-04-10 18:26:09] Приложение завершено
[2025-04-10 18:37:27] Приложение запущено.
[2025-04-10 18:37:27] Запуск планировщика задач...
[2025-04-10 18:37:27] Планировщик успешно запущен.
[2025-04-10 18:42:08] Остановка планировщика задач...
[2025-04-10 18:42:08] Планировщик успешно остановлен.
[2025-04-10 18:42:08] Приложение завершено
[2025-04-10 18:46:02] Приложение запущено.
[2025-04-10 18:46:02] Запуск планировщика задач...
[2025-04-10 18:46:02] Планировщик успешно запущен.
[2025-04-10 18:46:38] Остановка планировщика задач...
[2025-04-10 18:46:38] Планировщик успешно остановлен.
[2025-04-10 18:46:38] Приложение завершено
[2025-04-10 18:50:51] Приложение запущено.
[2025-04-10 18:50:51] Запуск планировщика задач...
[2025-04-10 18:50:51] Планировщик успешно запущен.
[2025-04-10 18:51:25] Остановка планировщика задач...
[2025-04-10 18:51:25] Планировщик успешно остановлен.
[2025-04-10 18:51:25] Приложение завершено
[2025-04-10 18:53:11] Приложение запущено.
[2025-04-10 18:53:11] Запуск планировщика задач...
[2025-04-10 18:53:11] Планировщик успешно запущен.
[2025-04-10 18:53:34] Остановка планировщика задач...
[2025-04-10 18:53:34] Планировщик успешно остановлен.
[2025-04-10 18:53:34] Приложение завершено
[2025-04-10 19:57:25] Приложение запущено.
[2025-04-10 19:57:25] Запуск планировщика задач...
[2025-04-10 19:57:25] Планировщик успешно запущен.
[2025-04-10 19:57:48] Остановка планировщика задач...
[2025-04-10 19:57:48] Планировщик успешно остановлен.
[2025-04-10 19:57:48] Приложение завершено
[2025-04-10 20:24:17] Приложение запущено.
[2025-04-10 20:24:17] Запуск планировщика задач...
[2025-04-10 20:24:17] Планировщик успешно запущен.
[2025-04-10 20:24:54] Остановка планировщика задач...
[2025-04-10 20:24:54] Планировщик успешно остановлен.
[2025-04-10 20:24:54] Приложение завершено
[2025-04-10 21:00:55] Приложение запущено.
[2025-04-10 21:00:55] Запуск планировщика задач...
[2025-04-10 21:00:55] Планировщик успешно запущен.
[2025-04-10 21:01:31] Остановка планировщика задач...
[2025-04-10 21:01:31] Планировщик успешно остановлен.
[2025-04-10 21:01:31] Приложение завершено
[2025-04-10 21:02:39] Приложение запущено.
[2025-04-10 21:02:39] Запуск планировщика задач...
[2025-04-10 21:02:39] Планировщик успешно запущен.
[2025-04-10 21:03:08] Остановка планировщика задач...
[2025-04-10 21:03:08] Планировщик успешно остановлен.
[2025-04-10 21:03:08] Приложение завершено
[2025-04-11 09:41:02] Приложение запущено.
[2025-04-11 09:41:02] Запуск планировщика задач...
[2025-04-11 09:41:02] Планировщик успешно запущен.
[2025-04-11 09:41:24] Остановка планировщика задач...
[2025-04-11 09:41:24] Планировщик успешно остановлен.
[2025-04-11 09:41:24] Приложение завершено
[2025-04-11 10:51:31] Приложение запущено.
[2025-04-11 10:51:31] Запуск планировщика задач...
[2025-04-11 10:51:31] Планировщик успешно запущен.
[2025-04-11 10:51:47] Остановка планировщика задач...
[2025-04-11 10:51:47] Планировщик успешно остановлен.
[2025-04-11 10:51:47] Приложение завершено
[2025-04-11 10:51:48] Приложение запущено.
[2025-04-11 10:51:48] Запуск планировщика задач...
[2025-04-11 10:51:48] Планировщик успешно запущен.
[2025-04-11 11:43:47] Остановка планировщика задач...
[2025-04-11 11:43:47] Планировщик успешно остановлен.
[2025-04-11 11:43:47] Приложение завершено
[2025-04-11 11:43:59] Приложение запущено.
[2025-04-11 11:43:59] Запуск планировщика задач...
[2025-04-11 11:43:59] Планировщик успешно запущен.
[2025-04-11 12:50:25] Остановка планировщика задач...
[2025-04-11 12:50:25] Планировщик успешно остановлен.
[2025-04-11 12:50:25] Приложение завершено
[2025-04-11 12:51:49] Приложение запущено.
[2025-04-11 12:51:49] Запуск планировщика задач...
[2025-04-11 12:51:49] Планировщик успешно запущен.
[2025-04-11 13:23:25] Остановка планировщика задач...
[2025-04-11 13:23:25] Планировщик успешно остановлен.
[2025-04-11 13:23:25] Приложение завершено
[2025-04-11 13:23:55] Приложение запущено.
[2025-04-11 13:23:55] Запрос к ЦБ РФ #1
[2025-04-11 13:23:57] Запуск планировщика задач...
[2025-04-11 13:23:57] Планировщик успешно запущен.
[2025-04-11 13:24:08] Остановка планировщика задач...
[2025-04-11 13:24:08] Планировщик успешно остановлен.
[2025-04-11 13:24:08] Приложение завершено
[2025-04-27 20:16:34] Приложение запущено.
[2025-04-27 20:16:34] Запуск планировщика задач...
[2025-04-27 20:16:34] Планировщик успешно запущен.
[2025-04-27 20:17:18] Остановка планировщика задач...
[2025-04-27 20:17:18] Планировщик успешно остановлен.
[2025-04-27 20:17:18] Приложение завершено
[2025-04-27 20:22:03] Приложение запущено.
[2025-04-27 20:22:03] Запуск планировщика задач...
[2025-04-27 20:22:03] Планировщик успешно запущен.
[2025-04-27 20:23:32] Остановка планировщика задач...
[2025-04-27 20:23:32] Планировщик успешно остановлен.
[2025-04-27 20:23:32] Приложение завершено
[2025-04-27 20:26:04] Приложение запущено.
[2025-04-27 20:26:04] Запрос к ЦБ РФ #1
[2025-04-27 20:26:06] Запуск планировщика задач...
[2025-04-27 20:26:06] Планировщик успешно запущен.
[2025-04-27 20:26:52] Остановка планировщика задач...
[2025-04-27 20:26:52] Планировщик успешно остановлен.
[2025-04-27 20:26:52] Приложение завершено
[2025-04-27 20:30:40] Приложение запущено.
[2025-04-27 20:30:40] Запуск планировщика задач...
[2025-04-27 20:30:40] Планировщик успешно запущен.
[2025-04-27 20:32:17] Остановка планировщика задач...
[2025-04-27 20:32:17] Планировщик успешно остановлен.
[2025-04-27 20:32:17] Приложение завершено
[2025-04-27 20:33:51] Приложение запущено.
[2025-04-27 20:33:51] Запуск планировщика задач...
[2025-04-27 20:33:51] Планировщик успешно запущен.
[2025-04-27 20:34:16] Остановка планировщика задач...
[2025-04-27 20:34:16] Планировщик успешно остановлен.
[2025-04-27 20:34:16] Приложение завершено
[2025-04-27 20:48:26] Приложение запущено.
[2025-04-27 20:48:26] Запуск планировщика задач...
[2025-04-27 20:48:26] Планировщик успешно запущен.
[2025-04-27 20:58:08] Остановка планировщика задач...
[2025-04-27 20:58:08] Планировщик успешно остановлен.
[2025-04-27 20:58:08] Приложение завершено
[2025-04-27 21:54:52] Приложение запущено.
[2025-04-27 21:54:52] Запуск планировщика задач...
[2025-04-27 21:54:52] Планировщик успешно запущен.
[2025-04-27 21:55:13] Остановка планировщика задач...
[2025-04-27 21:55:13] Планировщик успешно остановлен.
[2025-04-27 21:55:13] Приложение завершено
[2025-04-27 22:06:56] Приложение запущено.
[2025-04-27 22:06:56] Запуск планировщика задач...
[2025-04-27 22:06:56] Планировщик успешно запущен.
[2025-04-27 22:13:45] Остановка планировщика задач...
[2025-04-27 22:13:45] Планировщик успешно остановлен.
[2025-04-27 22:13:45] Приложение завершено
[2025-04-27 22:19:15] Приложение запущено.
[2025-04-27 22:19:15] Запуск планировщика задач...
[2025-04-27 22:19:15] Планировщик успешно запущен.
[2025-04-27 22:20:07] Остановка планировщика задач...
[2025-04-27 22:20:07] Планировщик успешно остановлен.
[2025-04-27 22:20:07] Приложение завершено
[2025-04-27 22:20:38] Приложение запущено.
[2025-04-27 22:20:38] Запуск планировщика задач...
[2025-04-27 22:20:38] Планировщик успешно запущен.
[2025-04-27 22:21:55] Остановка планировщика задач...
[2025-04-27 22:21:55] Планировщик успешно остановлен.
[2025-04-27 22:21:55] Приложение завершено
[2025-04-27 22:26:51] Приложение запущено.
[2025-04-27 22:26:51] Запуск планировщика задач...
[2025-04-27 22:26:51] Планировщик успешно запущен.
[2025-04-27 22:27:38] Остановка планировщика задач...
[2025-04-27 22:27:38] Планировщик успешно остановлен.
[2025-04-27 22:27:38] Приложение завершено
[2025-04-27 22:29:00] Приложение запущено.
[2025-04-27 22:29:00] Запуск планировщика задач...
[2025-04-27 22:29:00] Планировщик успешно запущен.
[2025-04-27 22:33:36] Остановка планировщика задач...
[2025-04-27 22:33:36] Планировщик успешно остановлен.
[2025-04-27 22:33:36] Приложение завершено
[2025-04-27 22:33:59] Приложение запущено.
[2025-04-27 22:33:59] Запуск планировщика задач...
[2025-04-27 22:33:59] Планировщик успешно запущен.
[2025-04-27 22:34:23] Остановка планировщика задач...
[2025-04-27 22:34:23] Планировщик успешно остановлен.
[2025-04-27 22:34:23] Приложение завершено
[2025-04-27 22:37:26] Приложение запущено.
[2025-04-27 22:37:26] Запуск планировщика задач...
[2025-04-27 22:37:26] Планировщик успешно запущен.
[2025-04-27 22:38:12] Остановка планировщика задач...
[2025-04-27 22:38:12] Планировщик успешно остановлен.
[2025-04-27 22:38:12] Приложение завершено
[2025-04-27 22:38:17] Приложение запущено.
[2025-04-27 22:38:17] Запуск планировщика задач...
[2025-04-27 22:38:17] Планировщик успешно запущен.
[2025-04-27 22:38:47] Остановка планировщика задач...
[2025-04-27 22:38:47] Планировщик успешно остановлен.
[2025-04-27 22:38:47] Приложение завершено
[2025-04-27 22:54:30] Приложение запущено.
[2025-04-27 22:54:30] Запуск планировщика задач...
[2025-04-27 22:54:30] Планировщик успешно запущен.
[2025-04-27 22:56:09] Остановка планировщика задач...
[2025-04-27 22:56:09] Планировщик успешно остановлен.
[2025-04-27 22:56:09] Приложение завершено
[2025-04-28 10:27:58] Приложение запущено.
[2025-04-28 10:27:58] Запуск планировщика задач...
[2025-04-28 10:27:58] Планировщик успешно запущен.
[2025-04-28 10:28:18] Остановка планировщика задач...
[2025-04-28 10:28:18] Планировщик успешно остановлен.
[2025-04-28 10:28:18] Приложение завершено
[2025-04-28 10:43:21] Приложение запущено.
[2025-04-28 10:43:21] Запуск планировщика задач...
[2025-04-28 10:43:21] Планировщик успешно запущен.
[2025-04-28 10:44:55] Остановка планировщика задач...
[2025-04-28 10:44:55] Планировщик успешно остановлен.
[2025-04-28 10:44:55] Приложение завершено
[2025-04-28 10:46:53] Приложение запущено.
[2025-04-28 10:46:53] Запуск планировщика задач...
[2025-04-28 10:46:53] Планировщик успешно запущен.
[2025-04-28 10:47:09] Остановка планировщика задач...
[2025-04-28 10:47:09] Планировщик успешно остановлен.
[2025-04-28 10:47:09] Приложение завершено
[2025-04-28 10:48:05] Приложение запущено.
[2025-04-28 10:48:05] Запуск планировщика задач...
[2025-04-28 10:48:05] Планировщик успешно запущен.
[2025-04-28 10:48:33] Остановка планировщика задач...
[2025-04-28 10:48:33] Планировщик успешно остановлен.
[2025-04-28 10:48:33] Приложение завершено
[2025-04-28 10:48:51] Приложение запущено.
[2025-04-28 10:48:51] Запуск планировщика задач...
[2025-04-28 10:48:51] Планировщик успешно запущен.
[2025-04-28 10:49:40] Остановка планировщика задач...
[2025-04-28 10:49:40] Планировщик успешно остановлен.
[2025-04-28 10:49:40] Приложение завершено
[2025-04-28 10:50:23] Приложение запущено.
[2025-04-28 10:50:23] Запуск планировщика задач...
[2025-04-28 10:50:23] Планировщик успешно запущен.
[2025-04-28 10:52:35] Остановка планировщика задач...
[2025-04-28 10:52:35] Планировщик успешно остановлен.
[2025-04-28 10:52:35] Приложение завершено
